<?xml version="1.0" encoding="UTF-8"?>
<!-- Generated by org.testng.reporters.JUnitXMLReporter -->
<testsuite ignored="0" hostname="KI-LAPTOP309" failures="0" tests="7" name="Chrome" time="57.608" errors="0" timestamp="2023-01-30T22:32:44 IST">
  <testcase classname="rto_TestNG_TestClass.VerifyLicenesServices" name="VerifyDriversLicense" time="6.78"/>
  <testcase classname="rto_TestNG_TestClass.VerifyLicenesServices" name="VerifyDrivingSchool" time="11.821"/>
  <testcase classname="rto_TestNG_TestClass.VerifyLicenesServices" name="VerifyOnlineAppoinment" time="4.415"/>
  <testcase classname="rto_TestNG_TestClass.VerifyLicenesServices" name="VerifyOtherServices" time="18.215"/>
  <testcase classname="rto_TestNG_TestClass.VerifyVehicleServices" name="VerifyVehicleRegistration" time="2.282"/>
  <testcase classname="rto_TestNG_TestClass.VerifyVehicleServices" name="VerifyFancyNumberAllocation" time="0.115"/>
  <testcase classname="rto_TestNG_TestClass.VerifyVehicleServices" name="VerifyNationalPermit" time="1.958"/>
</testsuite> <!-- Chrome -->
