<?xml version="1.0" encoding="UTF-8"?>
<!-- Generated by org.testng.reporters.JUnitXMLReporter -->
<testsuite ignored="0" hostname="KI-LAPTOP309" failures="0" tests="7" name="EdgeTest" time="96.6" errors="0" timestamp="2023-02-10T19:09:00 IST">
  <testcase classname="rto_TestNG_TestClass.VerifyLicenesServices" name="VerifyDriversLicense" time="1.889"/>
  <testcase classname="rto_TestNG_TestClass.VerifyLicenesServices" name="VerifyDrivingSchool" time="1.357"/>
  <testcase classname="rto_TestNG_TestClass.VerifyLicenesServices" name="VerifyOnlineAppoinment" time="1.13"/>
  <testcase classname="rto_TestNG_TestClass.VerifyLicenesServices" name="VerifyOtherServices" time="1.226"/>
  <testcase classname="rto_TestNG_TestClass.VerifyVehicleServices" name="VerifyVehicleRegistration" time="9.182"/>
  <testcase classname="rto_TestNG_TestClass.VerifyVehicleServices" name="VerifyFancyNumberAllocation" time="0.377"/>
  <testcase classname="rto_TestNG_TestClass.VerifyVehicleServices" name="VerifyNationalPermit" time="4.817"/>
</testsuite> <!-- EdgeTest -->
