<?xml version="1.0" encoding="UTF-8"?>
<!-- Generated by org.testng.reporters.JUnitXMLReporter -->
<testsuite ignored="2" hostname="KI-LAPTOP309" failures="1" tests="1" name="FireFoxTest(failed)" time="8.316" errors="0" timestamp="2023-02-02T20:23:43 IST">
  <testcase classname="rto_TestNG_TestClass.VerifyVehicleServices" name="VerifyNationalPermit" time="0.117">
    <failure type="java.lang.IndexOutOfBoundsException" message="Index 3 out of bounds for length 2">
      <![CDATA[java.lang.IndexOutOfBoundsException: Index 3 out of bounds for length 2
at java.base/jdk.internal.util.Preconditions.outOfBounds(Preconditions.java:64)
at java.base/jdk.internal.util.Preconditions.outOfBoundsCheckIndex(Preconditions.java:70)
at java.base/jdk.internal.util.Preconditions.checkIndex(Preconditions.java:266)
at java.base/java.util.Objects.checkIndex(Objects.java:359)
at java.base/java.util.ArrayList.get(ArrayList.java:427)
at rto_TestNG_TestClass.VerifyVehicleServices.VerifyNationalPermit(VerifyVehicleServices.java:132)
at java.base/java.util.ArrayList.forEach(ArrayList.java:1511)
at java.base/java.util.concurrent.FutureTask.run(FutureTask.java:264)
at java.base/java.util.concurrent.ThreadPoolExecutor.runWorker(ThreadPoolExecutor.java:1136)
at java.base/java.util.concurrent.ThreadPoolExecutor$Worker.run(ThreadPoolExecutor.java:635)
at java.base/java.lang.Thread.run(Thread.java:833)
... Removed 18 stack frames]]>
    </failure>
  </testcase> <!-- VerifyNationalPermit -->
  <testcase classname="rto_TestNG_TestClass.VerifyVehicleServices" name="VerifyFancyNumberAllocation" time="0.0">
    <ignored/>
  </testcase> <!-- VerifyFancyNumberAllocation -->
  <testcase classname="rto_TestNG_TestClass.VerifyVehicleServices" name="VerifyVehicleRegistration" time="0.0">
    <ignored/>
  </testcase> <!-- VerifyVehicleRegistration -->
</testsuite> <!-- FireFoxTest(failed) -->
