<?xml version="1.0" encoding="UTF-8"?>
<testng-results ignored="0" total="21" passed="20" failed="1" skipped="0">
  <reporter-output>
  </reporter-output>
  <suite started-at="2023-02-10T19:07:23 IST" name="Suite_RTO" finished-at="2023-02-10T19:09:18 IST" duration-ms="114563">
    <groups>
    </groups>
    <test started-at="2023-02-10T19:07:23 IST" name="ChromeTest" finished-at="2023-02-10T19:08:53 IST" duration-ms="89714">
      <class name="rto_TestNG_TestClass.VerifyVehicleServices">
        <test-method is-config="true" signature="launchBrowser(java.lang.String)[pri:0, instance:rto_TestNG_TestClass.VerifyVehicleServices@9353778]" started-at="2023-02-10T19:07:25 IST" name="launchBrowser" finished-at="2023-02-10T19:07:26 IST" duration-ms="1213" status="PASS">
          <params>
            <param index="0">
              <value>
                <![CDATA[Chrome]]>
              </value>
            </param>
          </params>
          <reporter-output>
          </reporter-output>
        </test-method> <!-- launchBrowser -->
        <test-method is-config="true" signature="beforeClass()[pri:0, instance:rto_TestNG_TestClass.VerifyVehicleServices@9353778]" started-at="2023-02-10T19:07:45 IST" name="beforeClass" finished-at="2023-02-10T19:08:30 IST" duration-ms="45477" status="PASS">
          <reporter-output>
          </reporter-output>
        </test-method> <!-- beforeClass -->
        <test-method is-config="true" signature="beforeMethod()[pri:0, instance:rto_TestNG_TestClass.VerifyVehicleServices@9353778]" started-at="2023-02-10T19:08:30 IST" name="beforeMethod" finished-at="2023-02-10T19:08:30 IST" duration-ms="1" status="PASS">
          <reporter-output>
          </reporter-output>
        </test-method> <!-- beforeMethod -->
        <test-method signature="VerifyVehicleRegistration()[pri:1, instance:rto_TestNG_TestClass.VerifyVehicleServices@9353778]" started-at="2023-02-10T19:08:30 IST" name="VerifyVehicleRegistration" finished-at="2023-02-10T19:08:45 IST" duration-ms="15029" status="PASS">
          <reporter-output>
          </reporter-output>
        </test-method> <!-- VerifyVehicleRegistration -->
        <test-method is-config="true" signature="afterMethod(org.testng.ITestResult)[pri:0, instance:rto_TestNG_TestClass.VerifyVehicleServices@9353778]" started-at="2023-02-10T19:08:45 IST" name="afterMethod" finished-at="2023-02-10T19:08:45 IST" duration-ms="0" status="PASS">
          <params>
            <param index="0">
              <value>
                <![CDATA[[TestResult name=VerifyVehicleRegistration status=SUCCESS method=VerifyVehicleServices.VerifyVehicleRegistration()[pri:1, instance:rto_TestNG_TestClass.VerifyVehicleServices@9353778] output={null}]]]>
              </value>
            </param>
          </params>
          <reporter-output>
          </reporter-output>
        </test-method> <!-- afterMethod -->
        <test-method signature="VerifyFancyNumberAllocation()[pri:2, instance:rto_TestNG_TestClass.VerifyVehicleServices@9353778]" started-at="2023-02-10T19:08:45 IST" name="VerifyFancyNumberAllocation" finished-at="2023-02-10T19:08:46 IST" duration-ms="409" status="PASS">
          <reporter-output>
          </reporter-output>
        </test-method> <!-- VerifyFancyNumberAllocation -->
        <test-method is-config="true" signature="beforeMethod()[pri:0, instance:rto_TestNG_TestClass.VerifyVehicleServices@9353778]" started-at="2023-02-10T19:08:45 IST" name="beforeMethod" finished-at="2023-02-10T19:08:45 IST" duration-ms="0" status="PASS">
          <reporter-output>
          </reporter-output>
        </test-method> <!-- beforeMethod -->
        <test-method is-config="true" signature="afterMethod(org.testng.ITestResult)[pri:0, instance:rto_TestNG_TestClass.VerifyVehicleServices@9353778]" started-at="2023-02-10T19:08:46 IST" name="afterMethod" finished-at="2023-02-10T19:08:46 IST" duration-ms="0" status="PASS">
          <params>
            <param index="0">
              <value>
                <![CDATA[[TestResult name=VerifyFancyNumberAllocation status=SUCCESS method=VerifyVehicleServices.VerifyFancyNumberAllocation()[pri:2, instance:rto_TestNG_TestClass.VerifyVehicleServices@9353778] output={null}]]]>
              </value>
            </param>
          </params>
          <reporter-output>
          </reporter-output>
        </test-method> <!-- afterMethod -->
        <test-method is-config="true" signature="beforeMethod()[pri:0, instance:rto_TestNG_TestClass.VerifyVehicleServices@9353778]" started-at="2023-02-10T19:08:46 IST" name="beforeMethod" finished-at="2023-02-10T19:08:46 IST" duration-ms="1" status="PASS">
          <reporter-output>
          </reporter-output>
        </test-method> <!-- beforeMethod -->
        <test-method signature="VerifyNationalPermit()[pri:3, instance:rto_TestNG_TestClass.VerifyVehicleServices@9353778]" started-at="2023-02-10T19:08:46 IST" name="VerifyNationalPermit" finished-at="2023-02-10T19:08:52 IST" duration-ms="6456" status="PASS">
          <reporter-output>
          </reporter-output>
        </test-method> <!-- VerifyNationalPermit -->
        <test-method is-config="true" signature="afterMethod(org.testng.ITestResult)[pri:0, instance:rto_TestNG_TestClass.VerifyVehicleServices@9353778]" started-at="2023-02-10T19:08:52 IST" name="afterMethod" finished-at="2023-02-10T19:08:52 IST" duration-ms="1" status="PASS">
          <params>
            <param index="0">
              <value>
                <![CDATA[[TestResult name=VerifyNationalPermit status=SUCCESS method=VerifyVehicleServices.VerifyNationalPermit()[pri:3, instance:rto_TestNG_TestClass.VerifyVehicleServices@9353778] output={null}]]]>
              </value>
            </param>
          </params>
          <reporter-output>
          </reporter-output>
        </test-method> <!-- afterMethod -->
        <test-method is-config="true" signature="afterClass()[pri:0, instance:rto_TestNG_TestClass.VerifyVehicleServices@9353778]" started-at="2023-02-10T19:08:52 IST" name="afterClass" finished-at="2023-02-10T19:08:53 IST" duration-ms="341" status="PASS">
          <reporter-output>
          </reporter-output>
        </test-method> <!-- afterClass -->
        <test-method is-config="true" signature="afterTest()[pri:0, instance:rto_TestNG_TestClass.VerifyVehicleServices@9353778]" started-at="2023-02-10T19:08:53 IST" name="afterTest" finished-at="2023-02-10T19:08:53 IST" duration-ms="24" status="PASS">
          <reporter-output>
          </reporter-output>
        </test-method> <!-- afterTest -->
      </class> <!-- rto_TestNG_TestClass.VerifyVehicleServices -->
      <class name="rto_TestNG_TestClass.VerifyLicenesServices">
        <test-method is-config="true" signature="launchBrowser(java.lang.String)[pri:0, instance:rto_TestNG_TestClass.VerifyLicenesServices@a9cd3b1]" started-at="2023-02-10T19:07:23 IST" name="launchBrowser" finished-at="2023-02-10T19:07:25 IST" duration-ms="1802" status="PASS">
          <params>
            <param index="0">
              <value>
                <![CDATA[Chrome]]>
              </value>
            </param>
          </params>
          <reporter-output>
          </reporter-output>
        </test-method> <!-- launchBrowser -->
        <test-method is-config="true" signature="beforeClass()[pri:0, instance:rto_TestNG_TestClass.VerifyLicenesServices@a9cd3b1]" started-at="2023-02-10T19:07:26 IST" name="beforeClass" finished-at="2023-02-10T19:07:37 IST" duration-ms="11363" status="PASS">
          <reporter-output>
          </reporter-output>
        </test-method> <!-- beforeClass -->
        <test-method is-config="true" signature="beforeMethod()[pri:0, instance:rto_TestNG_TestClass.VerifyLicenesServices@a9cd3b1]" started-at="2023-02-10T19:07:37 IST" name="beforeMethod" finished-at="2023-02-10T19:07:37 IST" duration-ms="67" status="PASS">
          <reporter-output>
          </reporter-output>
        </test-method> <!-- beforeMethod -->
        <test-method signature="VerifyDriversLicense()[pri:0, instance:rto_TestNG_TestClass.VerifyLicenesServices@a9cd3b1]" started-at="2023-02-10T19:07:37 IST" name="VerifyDriversLicense" finished-at="2023-02-10T19:07:40 IST" duration-ms="2462" status="PASS">
          <reporter-output>
          </reporter-output>
        </test-method> <!-- VerifyDriversLicense -->
        <test-method is-config="true" signature="afterMethod(org.testng.ITestResult)[pri:0, instance:rto_TestNG_TestClass.VerifyLicenesServices@a9cd3b1]" started-at="2023-02-10T19:07:40 IST" name="afterMethod" finished-at="2023-02-10T19:07:40 IST" duration-ms="2" status="PASS">
          <params>
            <param index="0">
              <value>
                <![CDATA[[TestResult name=VerifyDriversLicense status=SUCCESS method=VerifyLicenesServices.VerifyDriversLicense()[pri:0, instance:rto_TestNG_TestClass.VerifyLicenesServices@a9cd3b1] output={null}]]]>
              </value>
            </param>
          </params>
          <reporter-output>
          </reporter-output>
        </test-method> <!-- afterMethod -->
        <test-method is-config="true" signature="beforeMethod()[pri:0, instance:rto_TestNG_TestClass.VerifyLicenesServices@a9cd3b1]" started-at="2023-02-10T19:07:40 IST" name="beforeMethod" finished-at="2023-02-10T19:07:40 IST" duration-ms="0" status="PASS">
          <reporter-output>
          </reporter-output>
        </test-method> <!-- beforeMethod -->
        <test-method signature="VerifyDrivingSchool()[pri:0, instance:rto_TestNG_TestClass.VerifyLicenesServices@a9cd3b1]" started-at="2023-02-10T19:07:40 IST" name="VerifyDrivingSchool" finished-at="2023-02-10T19:07:41 IST" duration-ms="759" status="PASS">
          <reporter-output>
          </reporter-output>
        </test-method> <!-- VerifyDrivingSchool -->
        <test-method is-config="true" signature="afterMethod(org.testng.ITestResult)[pri:0, instance:rto_TestNG_TestClass.VerifyLicenesServices@a9cd3b1]" started-at="2023-02-10T19:07:41 IST" name="afterMethod" finished-at="2023-02-10T19:07:41 IST" duration-ms="1" status="PASS">
          <params>
            <param index="0">
              <value>
                <![CDATA[[TestResult name=VerifyDrivingSchool status=SUCCESS method=VerifyLicenesServices.VerifyDrivingSchool()[pri:0, instance:rto_TestNG_TestClass.VerifyLicenesServices@a9cd3b1] output={null}]]]>
              </value>
            </param>
          </params>
          <reporter-output>
          </reporter-output>
        </test-method> <!-- afterMethod -->
        <test-method is-config="true" signature="beforeMethod()[pri:0, instance:rto_TestNG_TestClass.VerifyLicenesServices@a9cd3b1]" started-at="2023-02-10T19:07:41 IST" name="beforeMethod" finished-at="2023-02-10T19:07:41 IST" duration-ms="2" status="PASS">
          <reporter-output>
          </reporter-output>
        </test-method> <!-- beforeMethod -->
        <test-method signature="VerifyOnlineAppoinment()[pri:0, instance:rto_TestNG_TestClass.VerifyLicenesServices@a9cd3b1]" started-at="2023-02-10T19:07:41 IST" name="VerifyOnlineAppoinment" finished-at="2023-02-10T19:07:42 IST" duration-ms="935" status="PASS">
          <reporter-output>
          </reporter-output>
        </test-method> <!-- VerifyOnlineAppoinment -->
        <test-method is-config="true" signature="afterMethod(org.testng.ITestResult)[pri:0, instance:rto_TestNG_TestClass.VerifyLicenesServices@a9cd3b1]" started-at="2023-02-10T19:07:42 IST" name="afterMethod" finished-at="2023-02-10T19:07:42 IST" duration-ms="1" status="PASS">
          <params>
            <param index="0">
              <value>
                <![CDATA[[TestResult name=VerifyOnlineAppoinment status=SUCCESS method=VerifyLicenesServices.VerifyOnlineAppoinment()[pri:0, instance:rto_TestNG_TestClass.VerifyLicenesServices@a9cd3b1] output={null}]]]>
              </value>
            </param>
          </params>
          <reporter-output>
          </reporter-output>
        </test-method> <!-- afterMethod -->
        <test-method is-config="true" signature="beforeMethod()[pri:0, instance:rto_TestNG_TestClass.VerifyLicenesServices@a9cd3b1]" started-at="2023-02-10T19:07:42 IST" name="beforeMethod" finished-at="2023-02-10T19:07:42 IST" duration-ms="1" status="PASS">
          <reporter-output>
          </reporter-output>
        </test-method> <!-- beforeMethod -->
        <test-method signature="VerifyOtherServices()[pri:0, instance:rto_TestNG_TestClass.VerifyLicenesServices@a9cd3b1]" started-at="2023-02-10T19:07:42 IST" name="VerifyOtherServices" finished-at="2023-02-10T19:07:45 IST" duration-ms="3010" status="PASS">
          <reporter-output>
          </reporter-output>
        </test-method> <!-- VerifyOtherServices -->
        <test-method is-config="true" signature="afterMethod(org.testng.ITestResult)[pri:0, instance:rto_TestNG_TestClass.VerifyLicenesServices@a9cd3b1]" started-at="2023-02-10T19:07:45 IST" name="afterMethod" finished-at="2023-02-10T19:07:45 IST" duration-ms="1" status="PASS">
          <params>
            <param index="0">
              <value>
                <![CDATA[[TestResult name=VerifyOtherServices status=SUCCESS method=VerifyLicenesServices.VerifyOtherServices()[pri:0, instance:rto_TestNG_TestClass.VerifyLicenesServices@a9cd3b1] output={null}]]]>
              </value>
            </param>
          </params>
          <reporter-output>
          </reporter-output>
        </test-method> <!-- afterMethod -->
        <test-method is-config="true" signature="afterClass()[pri:0, instance:rto_TestNG_TestClass.VerifyLicenesServices@a9cd3b1]" started-at="2023-02-10T19:07:45 IST" name="afterClass" finished-at="2023-02-10T19:07:45 IST" duration-ms="253" status="PASS">
          <reporter-output>
          </reporter-output>
        </test-method> <!-- afterClass -->
        <test-method is-config="true" signature="afterTest()[pri:0, instance:rto_TestNG_TestClass.VerifyLicenesServices@a9cd3b1]" started-at="2023-02-10T19:08:53 IST" name="afterTest" finished-at="2023-02-10T19:08:53 IST" duration-ms="20" status="PASS">
          <reporter-output>
          </reporter-output>
        </test-method> <!-- afterTest -->
      </class> <!-- rto_TestNG_TestClass.VerifyLicenesServices -->
    </test> <!-- ChromeTest -->
    <test started-at="2023-02-10T19:07:23 IST" name="EdgeTest" finished-at="2023-02-10T19:09:00 IST" duration-ms="96600">
      <class name="rto_TestNG_TestClass.VerifyVehicleServices">
        <test-method is-config="true" signature="launchBrowser(java.lang.String)[pri:0, instance:rto_TestNG_TestClass.VerifyVehicleServices@333291e3]" started-at="2023-02-10T19:07:25 IST" name="launchBrowser" finished-at="2023-02-10T19:07:28 IST" duration-ms="3456" status="PASS">
          <params>
            <param index="0">
              <value>
                <![CDATA[Edge]]>
              </value>
            </param>
          </params>
          <reporter-output>
          </reporter-output>
        </test-method> <!-- launchBrowser -->
        <test-method is-config="true" signature="beforeClass()[pri:0, instance:rto_TestNG_TestClass.VerifyVehicleServices@333291e3]" started-at="2023-02-10T19:08:13 IST" name="beforeClass" finished-at="2023-02-10T19:08:45 IST" duration-ms="31958" status="PASS">
          <reporter-output>
          </reporter-output>
        </test-method> <!-- beforeClass -->
        <test-method is-config="true" signature="beforeMethod()[pri:0, instance:rto_TestNG_TestClass.VerifyVehicleServices@333291e3]" started-at="2023-02-10T19:08:45 IST" name="beforeMethod" finished-at="2023-02-10T19:08:45 IST" duration-ms="1" status="PASS">
          <reporter-output>
          </reporter-output>
        </test-method> <!-- beforeMethod -->
        <test-method signature="VerifyVehicleRegistration()[pri:1, instance:rto_TestNG_TestClass.VerifyVehicleServices@333291e3]" started-at="2023-02-10T19:08:45 IST" name="VerifyVehicleRegistration" finished-at="2023-02-10T19:08:54 IST" duration-ms="9182" status="PASS">
          <reporter-output>
          </reporter-output>
        </test-method> <!-- VerifyVehicleRegistration -->
        <test-method is-config="true" signature="afterMethod(org.testng.ITestResult)[pri:0, instance:rto_TestNG_TestClass.VerifyVehicleServices@333291e3]" started-at="2023-02-10T19:08:54 IST" name="afterMethod" finished-at="2023-02-10T19:08:54 IST" duration-ms="1" status="PASS">
          <params>
            <param index="0">
              <value>
                <![CDATA[[TestResult name=VerifyVehicleRegistration status=SUCCESS method=VerifyVehicleServices.VerifyVehicleRegistration()[pri:1, instance:rto_TestNG_TestClass.VerifyVehicleServices@333291e3] output={null}]]]>
              </value>
            </param>
          </params>
          <reporter-output>
          </reporter-output>
        </test-method> <!-- afterMethod -->
        <test-method is-config="true" signature="beforeMethod()[pri:0, instance:rto_TestNG_TestClass.VerifyVehicleServices@333291e3]" started-at="2023-02-10T19:08:54 IST" name="beforeMethod" finished-at="2023-02-10T19:08:54 IST" duration-ms="1" status="PASS">
          <reporter-output>
          </reporter-output>
        </test-method> <!-- beforeMethod -->
        <test-method signature="VerifyFancyNumberAllocation()[pri:2, instance:rto_TestNG_TestClass.VerifyVehicleServices@333291e3]" started-at="2023-02-10T19:08:54 IST" name="VerifyFancyNumberAllocation" finished-at="2023-02-10T19:08:54 IST" duration-ms="377" status="PASS">
          <reporter-output>
          </reporter-output>
        </test-method> <!-- VerifyFancyNumberAllocation -->
        <test-method is-config="true" signature="afterMethod(org.testng.ITestResult)[pri:0, instance:rto_TestNG_TestClass.VerifyVehicleServices@333291e3]" started-at="2023-02-10T19:08:54 IST" name="afterMethod" finished-at="2023-02-10T19:08:54 IST" duration-ms="1" status="PASS">
          <params>
            <param index="0">
              <value>
                <![CDATA[[TestResult name=VerifyFancyNumberAllocation status=SUCCESS method=VerifyVehicleServices.VerifyFancyNumberAllocation()[pri:2, instance:rto_TestNG_TestClass.VerifyVehicleServices@333291e3] output={null}]]]>
              </value>
            </param>
          </params>
          <reporter-output>
          </reporter-output>
        </test-method> <!-- afterMethod -->
        <test-method is-config="true" signature="beforeMethod()[pri:0, instance:rto_TestNG_TestClass.VerifyVehicleServices@333291e3]" started-at="2023-02-10T19:08:54 IST" name="beforeMethod" finished-at="2023-02-10T19:08:54 IST" duration-ms="1" status="PASS">
          <reporter-output>
          </reporter-output>
        </test-method> <!-- beforeMethod -->
        <test-method signature="VerifyNationalPermit()[pri:3, instance:rto_TestNG_TestClass.VerifyVehicleServices@333291e3]" started-at="2023-02-10T19:08:54 IST" name="VerifyNationalPermit" finished-at="2023-02-10T19:08:59 IST" duration-ms="4817" status="PASS">
          <reporter-output>
          </reporter-output>
        </test-method> <!-- VerifyNationalPermit -->
        <test-method is-config="true" signature="afterMethod(org.testng.ITestResult)[pri:0, instance:rto_TestNG_TestClass.VerifyVehicleServices@333291e3]" started-at="2023-02-10T19:08:59 IST" name="afterMethod" finished-at="2023-02-10T19:08:59 IST" duration-ms="1" status="PASS">
          <params>
            <param index="0">
              <value>
                <![CDATA[[TestResult name=VerifyNationalPermit status=SUCCESS method=VerifyVehicleServices.VerifyNationalPermit()[pri:3, instance:rto_TestNG_TestClass.VerifyVehicleServices@333291e3] output={null}]]]>
              </value>
            </param>
          </params>
          <reporter-output>
          </reporter-output>
        </test-method> <!-- afterMethod -->
        <test-method is-config="true" signature="afterClass()[pri:0, instance:rto_TestNG_TestClass.VerifyVehicleServices@333291e3]" started-at="2023-02-10T19:08:59 IST" name="afterClass" finished-at="2023-02-10T19:08:59 IST" duration-ms="284" status="PASS">
          <reporter-output>
          </reporter-output>
        </test-method> <!-- afterClass -->
        <test-method is-config="true" signature="afterTest()[pri:0, instance:rto_TestNG_TestClass.VerifyVehicleServices@333291e3]" started-at="2023-02-10T19:09:00 IST" name="afterTest" finished-at="2023-02-10T19:09:00 IST" duration-ms="16" status="PASS">
          <reporter-output>
          </reporter-output>
        </test-method> <!-- afterTest -->
      </class> <!-- rto_TestNG_TestClass.VerifyVehicleServices -->
      <class name="rto_TestNG_TestClass.VerifyLicenesServices">
        <test-method is-config="true" signature="launchBrowser(java.lang.String)[pri:0, instance:rto_TestNG_TestClass.VerifyLicenesServices@43195e57]" started-at="2023-02-10T19:07:23 IST" name="launchBrowser" finished-at="2023-02-10T19:07:25 IST" duration-ms="1931" status="PASS">
          <params>
            <param index="0">
              <value>
                <![CDATA[Edge]]>
              </value>
            </param>
          </params>
          <reporter-output>
          </reporter-output>
        </test-method> <!-- launchBrowser -->
        <test-method is-config="true" signature="beforeClass()[pri:0, instance:rto_TestNG_TestClass.VerifyLicenesServices@43195e57]" started-at="2023-02-10T19:07:28 IST" name="beforeClass" finished-at="2023-02-10T19:08:07 IST" duration-ms="38659" status="PASS">
          <reporter-output>
          </reporter-output>
        </test-method> <!-- beforeClass -->
        <test-method is-config="true" signature="beforeMethod()[pri:0, instance:rto_TestNG_TestClass.VerifyLicenesServices@43195e57]" started-at="2023-02-10T19:08:07 IST" name="beforeMethod" finished-at="2023-02-10T19:08:07 IST" duration-ms="0" status="PASS">
          <reporter-output>
          </reporter-output>
        </test-method> <!-- beforeMethod -->
        <test-method signature="VerifyDriversLicense()[pri:0, instance:rto_TestNG_TestClass.VerifyLicenesServices@43195e57]" started-at="2023-02-10T19:08:07 IST" name="VerifyDriversLicense" finished-at="2023-02-10T19:08:09 IST" duration-ms="1889" status="PASS">
          <reporter-output>
          </reporter-output>
        </test-method> <!-- VerifyDriversLicense -->
        <test-method is-config="true" signature="afterMethod(org.testng.ITestResult)[pri:0, instance:rto_TestNG_TestClass.VerifyLicenesServices@43195e57]" started-at="2023-02-10T19:08:09 IST" name="afterMethod" finished-at="2023-02-10T19:08:09 IST" duration-ms="1" status="PASS">
          <params>
            <param index="0">
              <value>
                <![CDATA[[TestResult name=VerifyDriversLicense status=SUCCESS method=VerifyLicenesServices.VerifyDriversLicense()[pri:0, instance:rto_TestNG_TestClass.VerifyLicenesServices@43195e57] output={null}]]]>
              </value>
            </param>
          </params>
          <reporter-output>
          </reporter-output>
        </test-method> <!-- afterMethod -->
        <test-method is-config="true" signature="beforeMethod()[pri:0, instance:rto_TestNG_TestClass.VerifyLicenesServices@43195e57]" started-at="2023-02-10T19:08:09 IST" name="beforeMethod" finished-at="2023-02-10T19:08:09 IST" duration-ms="1" status="PASS">
          <reporter-output>
          </reporter-output>
        </test-method> <!-- beforeMethod -->
        <test-method signature="VerifyDrivingSchool()[pri:0, instance:rto_TestNG_TestClass.VerifyLicenesServices@43195e57]" started-at="2023-02-10T19:08:09 IST" name="VerifyDrivingSchool" finished-at="2023-02-10T19:08:10 IST" duration-ms="1357" status="PASS">
          <reporter-output>
          </reporter-output>
        </test-method> <!-- VerifyDrivingSchool -->
        <test-method is-config="true" signature="afterMethod(org.testng.ITestResult)[pri:0, instance:rto_TestNG_TestClass.VerifyLicenesServices@43195e57]" started-at="2023-02-10T19:08:10 IST" name="afterMethod" finished-at="2023-02-10T19:08:10 IST" duration-ms="1" status="PASS">
          <params>
            <param index="0">
              <value>
                <![CDATA[[TestResult name=VerifyDrivingSchool status=SUCCESS method=VerifyLicenesServices.VerifyDrivingSchool()[pri:0, instance:rto_TestNG_TestClass.VerifyLicenesServices@43195e57] output={null}]]]>
              </value>
            </param>
          </params>
          <reporter-output>
          </reporter-output>
        </test-method> <!-- afterMethod -->
        <test-method is-config="true" signature="beforeMethod()[pri:0, instance:rto_TestNG_TestClass.VerifyLicenesServices@43195e57]" started-at="2023-02-10T19:08:10 IST" name="beforeMethod" finished-at="2023-02-10T19:08:10 IST" duration-ms="1" status="PASS">
          <reporter-output>
          </reporter-output>
        </test-method> <!-- beforeMethod -->
        <test-method signature="VerifyOnlineAppoinment()[pri:0, instance:rto_TestNG_TestClass.VerifyLicenesServices@43195e57]" started-at="2023-02-10T19:08:10 IST" name="VerifyOnlineAppoinment" finished-at="2023-02-10T19:08:11 IST" duration-ms="1130" status="PASS">
          <reporter-output>
          </reporter-output>
        </test-method> <!-- VerifyOnlineAppoinment -->
        <test-method is-config="true" signature="afterMethod(org.testng.ITestResult)[pri:0, instance:rto_TestNG_TestClass.VerifyLicenesServices@43195e57]" started-at="2023-02-10T19:08:11 IST" name="afterMethod" finished-at="2023-02-10T19:08:11 IST" duration-ms="0" status="PASS">
          <params>
            <param index="0">
              <value>
                <![CDATA[[TestResult name=VerifyOnlineAppoinment status=SUCCESS method=VerifyLicenesServices.VerifyOnlineAppoinment()[pri:0, instance:rto_TestNG_TestClass.VerifyLicenesServices@43195e57] output={null}]]]>
              </value>
            </param>
          </params>
          <reporter-output>
          </reporter-output>
        </test-method> <!-- afterMethod -->
        <test-method is-config="true" signature="beforeMethod()[pri:0, instance:rto_TestNG_TestClass.VerifyLicenesServices@43195e57]" started-at="2023-02-10T19:08:11 IST" name="beforeMethod" finished-at="2023-02-10T19:08:11 IST" duration-ms="0" status="PASS">
          <reporter-output>
          </reporter-output>
        </test-method> <!-- beforeMethod -->
        <test-method signature="VerifyOtherServices()[pri:0, instance:rto_TestNG_TestClass.VerifyLicenesServices@43195e57]" started-at="2023-02-10T19:08:11 IST" name="VerifyOtherServices" finished-at="2023-02-10T19:08:13 IST" duration-ms="1226" status="PASS">
          <reporter-output>
          </reporter-output>
        </test-method> <!-- VerifyOtherServices -->
        <test-method is-config="true" signature="afterMethod(org.testng.ITestResult)[pri:0, instance:rto_TestNG_TestClass.VerifyLicenesServices@43195e57]" started-at="2023-02-10T19:08:13 IST" name="afterMethod" finished-at="2023-02-10T19:08:13 IST" duration-ms="1" status="PASS">
          <params>
            <param index="0">
              <value>
                <![CDATA[[TestResult name=VerifyOtherServices status=SUCCESS method=VerifyLicenesServices.VerifyOtherServices()[pri:0, instance:rto_TestNG_TestClass.VerifyLicenesServices@43195e57] output={null}]]]>
              </value>
            </param>
          </params>
          <reporter-output>
          </reporter-output>
        </test-method> <!-- afterMethod -->
        <test-method is-config="true" signature="afterClass()[pri:0, instance:rto_TestNG_TestClass.VerifyLicenesServices@43195e57]" started-at="2023-02-10T19:08:13 IST" name="afterClass" finished-at="2023-02-10T19:08:13 IST" duration-ms="254" status="PASS">
          <reporter-output>
          </reporter-output>
        </test-method> <!-- afterClass -->
        <test-method is-config="true" signature="afterTest()[pri:0, instance:rto_TestNG_TestClass.VerifyLicenesServices@43195e57]" started-at="2023-02-10T19:08:59 IST" name="afterTest" finished-at="2023-02-10T19:09:00 IST" duration-ms="27" status="PASS">
          <reporter-output>
          </reporter-output>
        </test-method> <!-- afterTest -->
      </class> <!-- rto_TestNG_TestClass.VerifyLicenesServices -->
    </test> <!-- EdgeTest -->
    <test started-at="2023-02-10T19:07:23 IST" name="FireFoxTest" finished-at="2023-02-10T19:09:18 IST" duration-ms="114563">
      <class name="rto_TestNG_TestClass.VerifyVehicleServices">
        <test-method is-config="true" signature="launchBrowser(java.lang.String)[pri:0, instance:rto_TestNG_TestClass.VerifyVehicleServices@795cd85e]" started-at="2023-02-10T19:07:29 IST" name="launchBrowser" finished-at="2023-02-10T19:07:32 IST" duration-ms="3347" status="PASS">
          <params>
            <param index="0">
              <value>
                <![CDATA[Firefox]]>
              </value>
            </param>
          </params>
          <reporter-output>
          </reporter-output>
        </test-method> <!-- launchBrowser -->
        <test-method is-config="true" signature="beforeClass()[pri:0, instance:rto_TestNG_TestClass.VerifyVehicleServices@795cd85e]" started-at="2023-02-10T19:08:11 IST" name="beforeClass" finished-at="2023-02-10T19:08:34 IST" duration-ms="23762" status="PASS">
          <reporter-output>
          </reporter-output>
        </test-method> <!-- beforeClass -->
        <test-method is-config="true" signature="beforeMethod()[pri:0, instance:rto_TestNG_TestClass.VerifyVehicleServices@795cd85e]" started-at="2023-02-10T19:08:34 IST" name="beforeMethod" finished-at="2023-02-10T19:08:34 IST" duration-ms="1" status="PASS">
          <reporter-output>
          </reporter-output>
        </test-method> <!-- beforeMethod -->
        <test-method signature="VerifyVehicleRegistration()[pri:1, instance:rto_TestNG_TestClass.VerifyVehicleServices@795cd85e]" started-at="2023-02-10T19:08:34 IST" name="VerifyVehicleRegistration" finished-at="2023-02-10T19:08:41 IST" duration-ms="6283" status="PASS">
          <reporter-output>
          </reporter-output>
        </test-method> <!-- VerifyVehicleRegistration -->
        <test-method is-config="true" signature="beforeMethod()[pri:0, instance:rto_TestNG_TestClass.VerifyVehicleServices@795cd85e]" started-at="2023-02-10T19:08:41 IST" name="beforeMethod" finished-at="2023-02-10T19:08:41 IST" duration-ms="1" status="PASS">
          <reporter-output>
          </reporter-output>
        </test-method> <!-- beforeMethod -->
        <test-method is-config="true" signature="afterMethod(org.testng.ITestResult)[pri:0, instance:rto_TestNG_TestClass.VerifyVehicleServices@795cd85e]" started-at="2023-02-10T19:08:41 IST" name="afterMethod" finished-at="2023-02-10T19:08:41 IST" duration-ms="0" status="PASS">
          <params>
            <param index="0">
              <value>
                <![CDATA[[TestResult name=VerifyVehicleRegistration status=SUCCESS method=VerifyVehicleServices.VerifyVehicleRegistration()[pri:1, instance:rto_TestNG_TestClass.VerifyVehicleServices@795cd85e] output={null}]]]>
              </value>
            </param>
          </params>
          <reporter-output>
          </reporter-output>
        </test-method> <!-- afterMethod -->
        <test-method signature="VerifyFancyNumberAllocation()[pri:2, instance:rto_TestNG_TestClass.VerifyVehicleServices@795cd85e]" started-at="2023-02-10T19:08:41 IST" name="VerifyFancyNumberAllocation" finished-at="2023-02-10T19:08:41 IST" duration-ms="161" status="PASS">
          <reporter-output>
          </reporter-output>
        </test-method> <!-- VerifyFancyNumberAllocation -->
        <test-method is-config="true" signature="afterMethod(org.testng.ITestResult)[pri:0, instance:rto_TestNG_TestClass.VerifyVehicleServices@795cd85e]" started-at="2023-02-10T19:08:41 IST" name="afterMethod" finished-at="2023-02-10T19:08:41 IST" duration-ms="2" status="PASS">
          <params>
            <param index="0">
              <value>
                <![CDATA[[TestResult name=VerifyFancyNumberAllocation status=SUCCESS method=VerifyVehicleServices.VerifyFancyNumberAllocation()[pri:2, instance:rto_TestNG_TestClass.VerifyVehicleServices@795cd85e] output={null}]]]>
              </value>
            </param>
          </params>
          <reporter-output>
          </reporter-output>
        </test-method> <!-- afterMethod -->
        <test-method is-config="true" signature="beforeMethod()[pri:0, instance:rto_TestNG_TestClass.VerifyVehicleServices@795cd85e]" started-at="2023-02-10T19:08:41 IST" name="beforeMethod" finished-at="2023-02-10T19:08:41 IST" duration-ms="1" status="PASS">
          <reporter-output>
          </reporter-output>
        </test-method> <!-- beforeMethod -->
        <test-method signature="VerifyNationalPermit()[pri:3, instance:rto_TestNG_TestClass.VerifyVehicleServices@795cd85e]" started-at="2023-02-10T19:08:41 IST" name="VerifyNationalPermit" finished-at="2023-02-10T19:09:16 IST" duration-ms="35348" status="FAIL">
          <exception class="org.openqa.selenium.TimeoutException">
            <message>
              <![CDATA[Expected condition failed: waiting for visibility of Proxy element for: DefaultElementLocator 'By.xpath: (//div[@class='center-position container']//h1)[1]' (tried for 15 second(s) with 500 milliseconds interval)]]>
            </message>
            <full-stacktrace>
              <![CDATA[org.openqa.selenium.TimeoutException: Expected condition failed: waiting for visibility of Proxy element for: DefaultElementLocator 'By.xpath: (//div[@class='center-position container']//h1)[1]' (tried for 15 second(s) with 500 milliseconds interval)
at org.openqa.selenium.support.ui.WebDriverWait.timeoutException(WebDriverWait.java:95)
at org.openqa.selenium.support.ui.FluentWait.until(FluentWait.java:272)
at pomPackageRTO.National_Permit.getText_TNPA(National_Permit.java:45)
at rto_TestNG_TestClass.VerifyVehicleServices.VerifyNationalPermit(VerifyVehicleServices.java:142)
at java.base/jdk.internal.reflect.NativeMethodAccessorImpl.invoke0(Native Method)
at java.base/jdk.internal.reflect.NativeMethodAccessorImpl.invoke(NativeMethodAccessorImpl.java:77)
at java.base/jdk.internal.reflect.DelegatingMethodAccessorImpl.invoke(DelegatingMethodAccessorImpl.java:43)
at java.base/java.lang.reflect.Method.invoke(Method.java:568)
at org.testng.internal.MethodInvocationHelper.invokeMethod(MethodInvocationHelper.java:133)
at org.testng.internal.TestInvoker.invokeMethod(TestInvoker.java:598)
at org.testng.internal.TestInvoker.invokeTestMethod(TestInvoker.java:173)
at org.testng.internal.MethodRunner.runInSequence(MethodRunner.java:46)
at org.testng.internal.TestInvoker$MethodInvocationAgent.invoke(TestInvoker.java:824)
at org.testng.internal.TestInvoker.invokeTestMethods(TestInvoker.java:146)
at org.testng.internal.TestMethodWorker.invokeTestMethods(TestMethodWorker.java:146)
at org.testng.internal.TestMethodWorker.run(TestMethodWorker.java:128)
at java.base/java.util.ArrayList.forEach(ArrayList.java:1511)
at org.testng.TestRunner.privateRun(TestRunner.java:794)
at org.testng.TestRunner.run(TestRunner.java:596)
at org.testng.SuiteRunner.runTest(SuiteRunner.java:377)
at org.testng.SuiteRunner.access$000(SuiteRunner.java:28)
at org.testng.SuiteRunner$SuiteWorker.run(SuiteRunner.java:418)
at org.testng.internal.thread.ThreadUtil.lambda$execute$0(ThreadUtil.java:64)
at java.base/java.util.concurrent.FutureTask.run(FutureTask.java:264)
at java.base/java.util.concurrent.ThreadPoolExecutor.runWorker(ThreadPoolExecutor.java:1136)
at java.base/java.util.concurrent.ThreadPoolExecutor$Worker.run(ThreadPoolExecutor.java:635)
at java.base/java.lang.Thread.run(Thread.java:833)
Caused by: org.openqa.selenium.NoSuchElementException: Unable to locate element: (//div[@class='center-position container']//h1)[1]
For documentation on this error, please visit: https://www.seleniumhq.org/exceptions/no_such_element.html
Build info: version: '3.141.59', revision: 'e82be7d358', time: '2018-11-14T08:17:03'
System info: host: 'KI-LAPTOP309', ip: '192.168.1.101', os.name: 'Windows 10', os.arch: 'amd64', os.version: '10.0', java.version: '17.0.4.1'
Driver info: org.openqa.selenium.firefox.FirefoxDriver
Capabilities {acceptInsecureCerts: true, browserName: firefox, browserVersion: 109.0.1, javascriptEnabled: true, moz:accessibilityChecks: false, moz:buildID: 20230127170202, moz:geckodriverVersion: 0.32.0, moz:headless: false, moz:platformVersion: 10.0, moz:processID: 3400, moz:profile: C:\Users\SHIPAL~1.RAN\AppDa..., moz:shutdownTimeout: 60000, moz:useNonSpecCompliantPointerOrigin: false, moz:webdriverClick: true, moz:windowless: false, pageLoadStrategy: normal, platform: WINDOWS, platformName: WINDOWS, proxy: Proxy(), setWindowRect: true, strictFileInteractability: false, timeouts: {implicit: 0, pageLoad: 300000, script: 30000}, unhandledPromptBehavior: dismiss and notify}
Session ID: 7ae09818-4607-4532-ad31-962d073b2e61
*** Element info: {Using=xpath, value=(//div[@class='center-position container']//h1)[1]}
at java.base/jdk.internal.reflect.NativeConstructorAccessorImpl.newInstance0(Native Method)
at java.base/jdk.internal.reflect.NativeConstructorAccessorImpl.newInstance(NativeConstructorAccessorImpl.java:77)
at java.base/jdk.internal.reflect.DelegatingConstructorAccessorImpl.newInstance(DelegatingConstructorAccessorImpl.java:45)
at java.base/java.lang.reflect.Constructor.newInstanceWithCaller(Constructor.java:499)
at java.base/java.lang.reflect.Constructor.newInstance(Constructor.java:480)
at org.openqa.selenium.remote.http.W3CHttpResponseCodec.createException(W3CHttpResponseCodec.java:187)
at org.openqa.selenium.remote.http.W3CHttpResponseCodec.decode(W3CHttpResponseCodec.java:122)
at org.openqa.selenium.remote.http.W3CHttpResponseCodec.decode(W3CHttpResponseCodec.java:49)
at org.openqa.selenium.remote.HttpCommandExecutor.execute(HttpCommandExecutor.java:158)
at org.openqa.selenium.remote.service.DriverCommandExecutor.execute(DriverCommandExecutor.java:83)
at org.openqa.selenium.remote.RemoteWebDriver.execute(RemoteWebDriver.java:552)
at org.openqa.selenium.remote.RemoteWebDriver.findElement(RemoteWebDriver.java:323)
at org.openqa.selenium.remote.RemoteWebDriver.findElementByXPath(RemoteWebDriver.java:428)
at org.openqa.selenium.By$ByXPath.findElement(By.java:353)
at org.openqa.selenium.remote.RemoteWebDriver.findElement(RemoteWebDriver.java:315)
at org.openqa.selenium.support.pagefactory.DefaultElementLocator.findElement(DefaultElementLocator.java:69)
at org.openqa.selenium.support.pagefactory.internal.LocatingElementHandler.invoke(LocatingElementHandler.java:38)
at jdk.proxy2/jdk.proxy2.$Proxy17.isDisplayed(Unknown Source)
at org.openqa.selenium.support.ui.ExpectedConditions.elementIfVisible(ExpectedConditions.java:314)
at org.openqa.selenium.support.ui.ExpectedConditions.access$000(ExpectedConditions.java:43)
at org.openqa.selenium.support.ui.ExpectedConditions$10.apply(ExpectedConditions.java:300)
at org.openqa.selenium.support.ui.ExpectedConditions$10.apply(ExpectedConditions.java:297)
at org.openqa.selenium.support.ui.FluentWait.until(FluentWait.java:249)
... 25 more
]]>
            </full-stacktrace>
          </exception> <!-- org.openqa.selenium.TimeoutException -->
          <reporter-output>
          </reporter-output>
        </test-method> <!-- VerifyNationalPermit -->
        <test-method is-config="true" signature="afterMethod(org.testng.ITestResult)[pri:0, instance:rto_TestNG_TestClass.VerifyVehicleServices@795cd85e]" started-at="2023-02-10T19:09:16 IST" name="afterMethod" finished-at="2023-02-10T19:09:16 IST" duration-ms="313" status="PASS">
          <params>
            <param index="0">
              <value>
                <![CDATA[[TestResult name=VerifyNationalPermit status=FAILURE method=VerifyVehicleServices.VerifyNationalPermit()[pri:3, instance:rto_TestNG_TestClass.VerifyVehicleServices@795cd85e] output={null}]]]>
              </value>
            </param>
          </params>
          <reporter-output>
          </reporter-output>
        </test-method> <!-- afterMethod -->
        <test-method is-config="true" signature="afterClass()[pri:0, instance:rto_TestNG_TestClass.VerifyVehicleServices@795cd85e]" started-at="2023-02-10T19:09:16 IST" name="afterClass" finished-at="2023-02-10T19:09:17 IST" duration-ms="999" status="PASS">
          <reporter-output>
          </reporter-output>
        </test-method> <!-- afterClass -->
        <test-method is-config="true" signature="afterTest()[pri:0, instance:rto_TestNG_TestClass.VerifyVehicleServices@795cd85e]" started-at="2023-02-10T19:09:17 IST" name="afterTest" finished-at="2023-02-10T19:09:18 IST" duration-ms="21" status="PASS">
          <reporter-output>
          </reporter-output>
        </test-method> <!-- afterTest -->
      </class> <!-- rto_TestNG_TestClass.VerifyVehicleServices -->
      <class name="rto_TestNG_TestClass.VerifyLicenesServices">
        <test-method is-config="true" signature="launchBrowser(java.lang.String)[pri:0, instance:rto_TestNG_TestClass.VerifyLicenesServices@402bba4f]" started-at="2023-02-10T19:07:23 IST" name="launchBrowser" finished-at="2023-02-10T19:07:29 IST" duration-ms="6086" status="PASS">
          <params>
            <param index="0">
              <value>
                <![CDATA[Firefox]]>
              </value>
            </param>
          </params>
          <reporter-output>
          </reporter-output>
        </test-method> <!-- launchBrowser -->
        <test-method is-config="true" signature="beforeClass()[pri:0, instance:rto_TestNG_TestClass.VerifyLicenesServices@402bba4f]" started-at="2023-02-10T19:07:32 IST" name="beforeClass" finished-at="2023-02-10T19:08:08 IST" duration-ms="36051" status="PASS">
          <reporter-output>
          </reporter-output>
        </test-method> <!-- beforeClass -->
        <test-method is-config="true" signature="beforeMethod()[pri:0, instance:rto_TestNG_TestClass.VerifyLicenesServices@402bba4f]" started-at="2023-02-10T19:08:08 IST" name="beforeMethod" finished-at="2023-02-10T19:08:08 IST" duration-ms="1" status="PASS">
          <reporter-output>
          </reporter-output>
        </test-method> <!-- beforeMethod -->
        <test-method signature="VerifyDriversLicense()[pri:0, instance:rto_TestNG_TestClass.VerifyLicenesServices@402bba4f]" started-at="2023-02-10T19:08:08 IST" name="VerifyDriversLicense" finished-at="2023-02-10T19:08:09 IST" duration-ms="198" status="PASS">
          <reporter-output>
          </reporter-output>
        </test-method> <!-- VerifyDriversLicense -->
        <test-method is-config="true" signature="afterMethod(org.testng.ITestResult)[pri:0, instance:rto_TestNG_TestClass.VerifyLicenesServices@402bba4f]" started-at="2023-02-10T19:08:09 IST" name="afterMethod" finished-at="2023-02-10T19:08:09 IST" duration-ms="1" status="PASS">
          <params>
            <param index="0">
              <value>
                <![CDATA[[TestResult name=VerifyDriversLicense status=SUCCESS method=VerifyLicenesServices.VerifyDriversLicense()[pri:0, instance:rto_TestNG_TestClass.VerifyLicenesServices@402bba4f] output={null}]]]>
              </value>
            </param>
          </params>
          <reporter-output>
          </reporter-output>
        </test-method> <!-- afterMethod -->
        <test-method is-config="true" signature="beforeMethod()[pri:0, instance:rto_TestNG_TestClass.VerifyLicenesServices@402bba4f]" started-at="2023-02-10T19:08:09 IST" name="beforeMethod" finished-at="2023-02-10T19:08:09 IST" duration-ms="1" status="PASS">
          <reporter-output>
          </reporter-output>
        </test-method> <!-- beforeMethod -->
        <test-method signature="VerifyDrivingSchool()[pri:0, instance:rto_TestNG_TestClass.VerifyLicenesServices@402bba4f]" started-at="2023-02-10T19:08:09 IST" name="VerifyDrivingSchool" finished-at="2023-02-10T19:08:09 IST" duration-ms="191" status="PASS">
          <reporter-output>
          </reporter-output>
        </test-method> <!-- VerifyDrivingSchool -->
        <test-method is-config="true" signature="beforeMethod()[pri:0, instance:rto_TestNG_TestClass.VerifyLicenesServices@402bba4f]" started-at="2023-02-10T19:08:09 IST" name="beforeMethod" finished-at="2023-02-10T19:08:09 IST" duration-ms="2" status="PASS">
          <reporter-output>
          </reporter-output>
        </test-method> <!-- beforeMethod -->
        <test-method is-config="true" signature="afterMethod(org.testng.ITestResult)[pri:0, instance:rto_TestNG_TestClass.VerifyLicenesServices@402bba4f]" started-at="2023-02-10T19:08:09 IST" name="afterMethod" finished-at="2023-02-10T19:08:09 IST" duration-ms="0" status="PASS">
          <params>
            <param index="0">
              <value>
                <![CDATA[[TestResult name=VerifyDrivingSchool status=SUCCESS method=VerifyLicenesServices.VerifyDrivingSchool()[pri:0, instance:rto_TestNG_TestClass.VerifyLicenesServices@402bba4f] output={null}]]]>
              </value>
            </param>
          </params>
          <reporter-output>
          </reporter-output>
        </test-method> <!-- afterMethod -->
        <test-method signature="VerifyOnlineAppoinment()[pri:0, instance:rto_TestNG_TestClass.VerifyLicenesServices@402bba4f]" started-at="2023-02-10T19:08:09 IST" name="VerifyOnlineAppoinment" finished-at="2023-02-10T19:08:09 IST" duration-ms="331" status="PASS">
          <reporter-output>
          </reporter-output>
        </test-method> <!-- VerifyOnlineAppoinment -->
        <test-method is-config="true" signature="afterMethod(org.testng.ITestResult)[pri:0, instance:rto_TestNG_TestClass.VerifyLicenesServices@402bba4f]" started-at="2023-02-10T19:08:09 IST" name="afterMethod" finished-at="2023-02-10T19:08:09 IST" duration-ms="2" status="PASS">
          <params>
            <param index="0">
              <value>
                <![CDATA[[TestResult name=VerifyOnlineAppoinment status=SUCCESS method=VerifyLicenesServices.VerifyOnlineAppoinment()[pri:0, instance:rto_TestNG_TestClass.VerifyLicenesServices@402bba4f] output={null}]]]>
              </value>
            </param>
          </params>
          <reporter-output>
          </reporter-output>
        </test-method> <!-- afterMethod -->
        <test-method is-config="true" signature="beforeMethod()[pri:0, instance:rto_TestNG_TestClass.VerifyLicenesServices@402bba4f]" started-at="2023-02-10T19:08:09 IST" name="beforeMethod" finished-at="2023-02-10T19:08:09 IST" duration-ms="1" status="PASS">
          <reporter-output>
          </reporter-output>
        </test-method> <!-- beforeMethod -->
        <test-method signature="VerifyOtherServices()[pri:0, instance:rto_TestNG_TestClass.VerifyLicenesServices@402bba4f]" started-at="2023-02-10T19:08:09 IST" name="VerifyOtherServices" finished-at="2023-02-10T19:08:09 IST" duration-ms="277" status="PASS">
          <reporter-output>
          </reporter-output>
        </test-method> <!-- VerifyOtherServices -->
        <test-method is-config="true" signature="afterMethod(org.testng.ITestResult)[pri:0, instance:rto_TestNG_TestClass.VerifyLicenesServices@402bba4f]" started-at="2023-02-10T19:08:09 IST" name="afterMethod" finished-at="2023-02-10T19:08:09 IST" duration-ms="0" status="PASS">
          <params>
            <param index="0">
              <value>
                <![CDATA[[TestResult name=VerifyOtherServices status=SUCCESS method=VerifyLicenesServices.VerifyOtherServices()[pri:0, instance:rto_TestNG_TestClass.VerifyLicenesServices@402bba4f] output={null}]]]>
              </value>
            </param>
          </params>
          <reporter-output>
          </reporter-output>
        </test-method> <!-- afterMethod -->
        <test-method is-config="true" signature="afterClass()[pri:0, instance:rto_TestNG_TestClass.VerifyLicenesServices@402bba4f]" started-at="2023-02-10T19:08:09 IST" name="afterClass" finished-at="2023-02-10T19:08:11 IST" duration-ms="1132" status="PASS">
          <reporter-output>
          </reporter-output>
        </test-method> <!-- afterClass -->
        <test-method is-config="true" signature="afterTest()[pri:0, instance:rto_TestNG_TestClass.VerifyLicenesServices@402bba4f]" started-at="2023-02-10T19:09:17 IST" name="afterTest" finished-at="2023-02-10T19:09:17 IST" duration-ms="15" status="PASS">
          <reporter-output>
          </reporter-output>
        </test-method> <!-- afterTest -->
      </class> <!-- rto_TestNG_TestClass.VerifyLicenesServices -->
    </test> <!-- FireFoxTest -->
  </suite> <!-- Suite_RTO -->
</testng-results>
