<?xml version="1.0" encoding="UTF-8"?>
<!-- Generated by org.testng.reporters.JUnitXMLReporter -->
<testsuite ignored="3" hostname="KI-LAPTOP309" failures="0" tests="1" name="Default test" time="9.421" errors="0" timestamp="2023-02-03T20:17:53 IST">
  <testcase classname="rto_TestNG_TestClass.FireFoxPractice" name="VerifyDriversLicense" time="2.157"/>
  <testcase classname="rto_TestNG_TestClass.FireFoxPractice" name="VerifyDrivingSchool" time="0.0">
    <ignored/>
  </testcase> <!-- VerifyDrivingSchool -->
  <testcase classname="rto_TestNG_TestClass.FireFoxPractice" name="VerifyOtherServices" time="0.0">
    <ignored/>
  </testcase> <!-- VerifyOtherServices -->
  <testcase classname="rto_TestNG_TestClass.FireFoxPractice" name="VerifyOnlineAppoinment" time="0.0">
    <ignored/>
  </testcase> <!-- VerifyOnlineAppoinment -->
</testsuite> <!-- Default test -->
